app/build/outputs/logs/manifest-merger-debug-report.txt
-- Merging decision tree log ---
manifest
ADDED from src\main\AndroidManifest.xml:1:1-197:12
	package
		ADDED from src\main\AndroidManifest.xml:2:5-26
		INJECTED from src\main\AndroidManifest.xml
		INJECTED from src\main\AndroidManifest.xml
	android:versionName
		ADDED from src\main\AndroidManifest.xml:4:5-32
		INJECTED from src\main\AndroidManifest.xml
		INJECTED from src\main\AndroidManifest.xml
	android:versionCode
		ADDED from src\main\AndroidManifest.xml:3:5-29
		INJECTED from src\main\AndroidManifest.xml
		INJECTED from src\main\AndroidManifest.xml
	xmlns:android
		ADDED from src\main\AndroidManifest.xml:1:11-69
uses-sdk
ADDED from src\main\AndroidManifest.xml:6:5-8:41
MERGED from [com.android.support:multidex:1.0.1] AndroidManifest.xml:18:5-42
MERGED from [com.android.support:support-v4:24.2.1] AndroidManifest.xml:21:5-23:54
MERGED from [com.android.support:support-fragment:24.2.1] AndroidManifest.xml:21:5-23:60
MERGED from [com.android.support:support-media-compat:24.2.1] AndroidManifest.xml:21:5-23:63
MERGED from [com.android.support:support-core-ui:24.2.1] AndroidManifest.xml:21:5-23:58
MERGED from [com.android.support:support-core-utils:24.2.1] AndroidManifest.xml:21:5-23:61
MERGED from [com.android.support:support-compat:24.2.1] AndroidManifest.xml:21:5-23:58
	tools:overrideLibrary
		ADDED from [com.android.support:support-v4:24.2.1] AndroidManifest.xml:23:9-51
	android:targetSdkVersion
		ADDED from src\main\AndroidManifest.xml:8:9-38
		INJECTED from src\main\AndroidManifest.xml
		INJECTED from src\main\AndroidManifest.xml
	android:minSdkVersion
		ADDED from src\main\AndroidManifest.xml:7:9-35
		INJECTED from src\main\AndroidManifest.xml
		INJECTED from src\main\AndroidManifest.xml
uses-permission#android.permission.NFC
ADDED from src\main\AndroidManifest.xml:11:5-62
	android:name
		ADDED from src\main\AndroidManifest.xml:11:22-59
uses-feature#android.hardware.nfc
ADDED from src\main\AndroidManifest.xml:13:5-15:35
	android:required
		ADDED from src\main\AndroidManifest.xml:15:9-32
	android:name
		ADDED from src\main\AndroidManifest.xml:14:9-44
uses-permission#android.permission.DOWNLOAD_WITHOUT_NOTIFICATION
ADDED from src\main\AndroidManifest.xml:17:5-88
	android:name
		ADDED from src\main\AndroidManifest.xml:17:22-85
uses-permission#android.permission.INTERNET
ADDED from src\main\AndroidManifest.xml:19:5-67
	android:name
		ADDED from src\main\AndroidManifest.xml:19:22-64
uses-permission#android.permission.ACCESS_NETWORK_STATE
ADDED from src\main\AndroidManifest.xml:20:5-79
	android:name
		ADDED from src\main\AndroidManifest.xml:20:22-76
uses-permission#android.permission.MOUNT_UNMOUNT_FILESYSTEMS
ADDED from src\main\AndroidManifest.xml:21:5-84
	android:name
		ADDED from src\main\AndroidManifest.xml:21:22-81
uses-permission#android.permission.CAMERA
ADDED from src\main\AndroidManifest.xml:22:5-65
	android:name
		ADDED from src\main\AndroidManifest.xml:22:22-62
uses-permission#android.permission.READ_PHONE_STATE
ADDED from src\main\AndroidManifest.xml:23:5-75
	android:name
		ADDED from src\main\AndroidManifest.xml:23:22-72
uses-permission#android.permission.ACCESS_FINE_LOCATION
ADDED from src\main\AndroidManifest.xml:24:5-79
	android:name
		ADDED from src\main\AndroidManifest.xml:24:22-76
uses-permission#android.permission.ACCESS_COARSE_LOCATION
ADDED from src\main\AndroidManifest.xml:25:5-81
	android:name
		ADDED from src\main\AndroidManifest.xml:25:22-78
uses-permission#android.permission.WRITE_EXTERNAL_STORAGE
ADDED from src\main\AndroidManifest.xml:26:5-81
	android:name
		ADDED from src\main\AndroidManifest.xml:26:22-78
uses-permission#android.permission.ACCESS_MOCK_LOCATION
ADDED from src\main\AndroidManifest.xml:27:5-79
	android:name
		ADDED from src\main\AndroidManifest.xml:27:22-76
uses-permission#android.permission.ACCESS_GPS
ADDED from src\main\AndroidManifest.xml:28:5-69
	android:name
		ADDED from src\main\AndroidManifest.xml:28:22-66
uses-permission#android.permission.GET_ACCOUNTS
ADDED from src\main\AndroidManifest.xml:29:5-71
	android:name
		ADDED from src\main\AndroidManifest.xml:29:22-68
uses-permission#android.permission.AUTHENTICATE_ACCOUNTS
ADDED from src\main\AndroidManifest.xml:30:5-80
	android:name
		ADDED from src\main\AndroidManifest.xml:30:22-77
uses-permission#android.permission.USE_CREDENTIALS
ADDED from src\main\AndroidManifest.xml:31:5-74
	android:name
		ADDED from src\main\AndroidManifest.xml:31:22-71
uses-permission#android.permission.MANAGE_ACCOUNTS
ADDED from src\main\AndroidManifest.xml:32:5-74
	android:name
		ADDED from src\main\AndroidManifest.xml:32:22-71
uses-permission#com.android.launcher.permission.READ_SETTINGS
ADDED from src\main\AndroidManifest.xml:33:5-85
	android:name
		ADDED from src\main\AndroidManifest.xml:33:22-82
uses-permission#android.permission.WAKE_LOCK
ADDED from src\main\AndroidManifest.xml:34:5-68
	android:name
		ADDED from src\main\AndroidManifest.xml:34:22-65
uses-permission#android.permission.CHANGE_WIFI_STATE
ADDED from src\main\AndroidManifest.xml:35:5-76
	android:name
		ADDED from src\main\AndroidManifest.xml:35:22-73
uses-permission#android.permission.ACCESS_WIFI_STATE
ADDED from src\main\AndroidManifest.xml:36:5-76
	android:name
		ADDED from src\main\AndroidManifest.xml:36:22-73
uses-permission#android.permission.BROADCAST_STICKY
ADDED from src\main\AndroidManifest.xml:37:5-75
	android:name
		ADDED from src\main\AndroidManifest.xml:37:22-72
uses-permission#android.permission.READ_LOGS
ADDED from src\main\AndroidManifest.xml:38:5-68
	android:name
		ADDED from src\main\AndroidManifest.xml:38:22-65
uses-permission#android.permission.VIBRATE
ADDED from src\main\AndroidManifest.xml:40:5-66
	android:name
		ADDED from src\main\AndroidManifest.xml:40:22-63
uses-permission#android.permission.WRITE_SETTINGS
ADDED from src\main\AndroidManifest.xml:41:5-73
	android:name
		ADDED from src\main\AndroidManifest.xml:41:22-70
uses-permission#android.permission.INSTALL_PACKAGES
ADDED from src\main\AndroidManifest.xml:43:5-75
	android:name
		ADDED from src\main\AndroidManifest.xml:43:22-72
permission#net.safetone.permission.BLUETOOTH_RFID_READER
ADDED from src\main\AndroidManifest.xml:46:5-80
	android:name
		ADDED from src\main\AndroidManifest.xml:46:17-77
uses-permission#android.permission.BLUETOOTH
ADDED from src\main\AndroidManifest.xml:48:5-68
	android:name
		ADDED from src\main\AndroidManifest.xml:48:22-65
uses-permission#android.permission.BLUETOOTH_ADMIN
ADDED from src\main\AndroidManifest.xml:49:5-74
	android:name
		ADDED from src\main\AndroidManifest.xml:49:22-71
uses-permission#net.safetone.permission.BLUETOOTH_RFID_READER
ADDED from src\main\AndroidManifest.xml:50:5-85
	android:name
		ADDED from src\main\AndroidManifest.xml:50:22-82
uses-permission#android.permission.SYSTEM_ALERT_WINDOW
ADDED from src\main\AndroidManifest.xml:52:5-78
	android:name
		ADDED from src\main\AndroidManifest.xml:52:22-75
uses-permission#android.permission.RESTART_PACKAGES\
ADDED from src\main\AndroidManifest.xml:54:5-75
	android:name
		ADDED from src\main\AndroidManifest.xml:54:22-73
uses-permission#android.permission.CHANGE_CONFIGURATION
ADDED from src\main\AndroidManifest.xml:63:5-79
	android:name
		ADDED from src\main\AndroidManifest.xml:63:22-76
uses-permission#android.permission.READ_EXTERNAL_STORAGE
ADDED from src\main\AndroidManifest.xml:66:5-80
	android:name
		ADDED from src\main\AndroidManifest.xml:66:22-77
uses-feature#0x00020000
ADDED from src\main\AndroidManifest.xml:67:5-69:35
	android:glEsVersion
		ADDED from src\main\AndroidManifest.xml:68:9-41
	android:required
		ADDED from src\main\AndroidManifest.xml:69:9-32
application
ADDED from src\main\AndroidManifest.xml:70:5-195:19
MERGED from [com.android.support:support-v4:24.2.1] AndroidManifest.xml:25:5-20
MERGED from [com.android.support:support-fragment:24.2.1] AndroidManifest.xml:25:5-20
MERGED from [com.android.support:support-media-compat:24.2.1] AndroidManifest.xml:25:5-20
MERGED from [com.android.support:support-core-ui:24.2.1] AndroidManifest.xml:25:5-20
MERGED from [com.android.support:support-core-utils:24.2.1] AndroidManifest.xml:25:5-20
MERGED from [com.android.support:support-compat:24.2.1] AndroidManifest.xml:25:5-20
	android:label
		ADDED from src\main\AndroidManifest.xml:75:9-41
	android:debuggable
		ADDED from src\main\AndroidManifest.xml:73:9-34
	android:allowBackup
		ADDED from src\main\AndroidManifest.xml:72:9-35
	android:icon
		ADDED from src\main\AndroidManifest.xml:74:9-45
	android:theme
		ADDED from src\main\AndroidManifest.xml:76:9-40
	android:name
		ADDED from src\main\AndroidManifest.xml:71:9-59
activity#com.joe.oil.activity.LoginActivity
ADDED from src\main\AndroidManifest.xml:78:9-87:20
	android:name
		ADDED from src\main\AndroidManifest.xml:78:19-68
intent-filter#android.intent.action.MAIN+android.intent.category.LAUNCHER
ADDED from src\main\AndroidManifest.xml:79:13-83:29
action#android.intent.action.MAIN
ADDED from src\main\AndroidManifest.xml:80:17-69
	android:name
		ADDED from src\main\AndroidManifest.xml:80:25-66
category#android.intent.category.LAUNCHER
ADDED from src\main\AndroidManifest.xml:82:17-77
	android:name
		ADDED from src\main\AndroidManifest.xml:82:27-74
intent-filter#android.nfc.action.TAG_DISCOVERED
ADDED from src\main\AndroidManifest.xml:84:13-86:29
action#android.nfc.action.TAG_DISCOVERED
ADDED from src\main\AndroidManifest.xml:85:17-76
	android:name
		ADDED from src\main\AndroidManifest.xml:85:25-73
activity#com.joe.oil.activity.MainActivity
ADDED from src\main\AndroidManifest.xml:88:9-79
	android:name
		ADDED from src\main\AndroidManifest.xml:88:19-67
activity#com.joe.oil.activity.TaskActivity
ADDED from src\main\AndroidManifest.xml:89:9-79
	android:name
		ADDED from src\main\AndroidManifest.xml:89:19-67
activity#com.joe.oil.activity.TaskDetailActivity
ADDED from src\main\AndroidManifest.xml:90:9-85
	android:name
		ADDED from src\main\AndroidManifest.xml:90:19-73
activity#com.joe.oil.activity.HistoryActivity
ADDED from src\main\AndroidManifest.xml:91:9-82
	android:name
		ADDED from src\main\AndroidManifest.xml:91:19-70
activity#com.joe.oil.activity.ImageActivity
ADDED from src\main\AndroidManifest.xml:92:9-80
	android:name
		ADDED from src\main\AndroidManifest.xml:92:19-68
activity#com.joe.oil.activity.SettingActivity
ADDED from src\main\AndroidManifest.xml:93:9-82
	android:name
		ADDED from src\main\AndroidManifest.xml:93:19-70
activity#com.joe.oil.activity.InspectionActivity
ADDED from src\main\AndroidManifest.xml:94:9-85
	android:name
		ADDED from src\main\AndroidManifest.xml:94:19-73
activity#com.joe.oil.activity.DownloadActivity
ADDED from src\main\AndroidManifest.xml:95:9-83
	android:name
		ADDED from src\main\AndroidManifest.xml:95:19-71
activity#com.joe.oil.activity.TaskFinishActivity
ADDED from src\main\AndroidManifest.xml:96:9-85
	android:name
		ADDED from src\main\AndroidManifest.xml:96:19-73
activity#com.joe.oil.activity.ReadRF
ADDED from src\main\AndroidManifest.xml:97:9-73
	android:name
		ADDED from src\main\AndroidManifest.xml:97:19-61
activity#com.joe.oil.activity.CheckItemActivity
ADDED from src\main\AndroidManifest.xml:98:9-84
	android:name
		ADDED from src\main\AndroidManifest.xml:98:19-72
activity#com.joe.oil.activity.GisActivity
ADDED from src\main\AndroidManifest.xml:99:9-78
	android:name
		ADDED from src\main\AndroidManifest.xml:99:19-66
activity#com.joe.oil.activity.GisUploadActivity
ADDED from src\main\AndroidManifest.xml:100:9-84
	android:name
		ADDED from src\main\AndroidManifest.xml:100:19-72
activity#com.joe.oil.activity.TakePhotoActivity
ADDED from src\main\AndroidManifest.xml:101:9-84
	android:name
		ADDED from src\main\AndroidManifest.xml:101:19-72
activity#com.joe.oil.activity.LineActivity
ADDED from src\main\AndroidManifest.xml:102:9-79
	android:name
		ADDED from src\main\AndroidManifest.xml:102:19-67
activity#com.joe.oil.activity.StationChooseActivity
ADDED from src\main\AndroidManifest.xml:103:9-88
	android:name
		ADDED from src\main\AndroidManifest.xml:103:19-76
activity#com.joe.oil.activity.OfficeChooseActivity
ADDED from src\main\AndroidManifest.xml:104:9-87
	android:name
		ADDED from src\main\AndroidManifest.xml:104:19-75
activity#com.joe.oil.activity.UploadExceptionActivity
ADDED from src\main\AndroidManifest.xml:105:9-90
	android:name
		ADDED from src\main\AndroidManifest.xml:105:19-78
activity#com.joe.oil.activity.OtherDownloadActivity
ADDED from src\main\AndroidManifest.xml:106:9-88
	android:name
		ADDED from src\main\AndroidManifest.xml:106:19-76
activity#com.joe.oil.activity.ImagePagerActivity
ADDED from src\main\AndroidManifest.xml:107:9-85
	android:name
		ADDED from src\main\AndroidManifest.xml:107:19-73
activity#com.joe.oil.activity.ExceptionHistoryActivity
ADDED from src\main\AndroidManifest.xml:108:9-91
	android:name
		ADDED from src\main\AndroidManifest.xml:108:19-79
activity#com.joe.oil.activity.OtherStationChooseActivity
ADDED from src\main\AndroidManifest.xml:109:9-93
	android:name
		ADDED from src\main\AndroidManifest.xml:109:19-81
activity#com.joe.oil.activity.GisHistroyActivity
ADDED from src\main\AndroidManifest.xml:110:9-85
	android:name
		ADDED from src\main\AndroidManifest.xml:110:19-73
activity#com.joe.oil.activity.PicSelectedEnsureActivity
ADDED from src\main\AndroidManifest.xml:111:9-92
	android:name
		ADDED from src\main\AndroidManifest.xml:111:19-80
activity#com.joe.oil.imagepicker.ImagePickerActivity
ADDED from src\main\AndroidManifest.xml:112:9-89
	android:name
		ADDED from src\main\AndroidManifest.xml:112:19-77
activity#com.joe.oil.imagepicker.QiAlbumViewFragment
ADDED from src\main\AndroidManifest.xml:113:9-89
	android:name
		ADDED from src\main\AndroidManifest.xml:113:19-77
activity#com.joe.oil.demo.LoadPicActivity
ADDED from src\main\AndroidManifest.xml:114:9-78
	android:name
		ADDED from src\main\AndroidManifest.xml:114:19-66
activity#com.joe.oil.activity.ReadActivity
ADDED from src\main\AndroidManifest.xml:115:9-79
	android:name
		ADDED from src\main\AndroidManifest.xml:115:19-67
activity#com.joe.oil.activity.GisUploadHistoryActivity
ADDED from src\main\AndroidManifest.xml:116:9-91
	android:name
		ADDED from src\main\AndroidManifest.xml:116:19-79
activity#com.joe.oil.activity.MessageDetailActivity
ADDED from src\main\AndroidManifest.xml:118:9-79
	android:name
		ADDED from src\main\AndroidManifest.xml:118:19-76
activity#com.joe.oil.activity.MessageListActivity
ADDED from src\main\AndroidManifest.xml:119:9-77
	android:name
		ADDED from src\main\AndroidManifest.xml:119:19-74
activity#com.joe.oil.activity.HseSupervisionActivity
ADDED from src\main\AndroidManifest.xml:121:9-80
	android:name
		ADDED from src\main\AndroidManifest.xml:121:19-77
activity#com.joe.oil.activity.HseHistoryActivity
ADDED from src\main\AndroidManifest.xml:122:9-76
	android:name
		ADDED from src\main\AndroidManifest.xml:122:19-73
activity#com.joe.oil.activity.GisInspectionActivity
ADDED from src\main\AndroidManifest.xml:124:9-79
	android:name
		ADDED from src\main\AndroidManifest.xml:124:19-76
activity#com.joe.oil.activity.GisExceptionInspectionActivity
ADDED from src\main\AndroidManifest.xml:125:9-88
	android:name
		ADDED from src\main\AndroidManifest.xml:125:19-85
activity#com.joe.oil.activity.PicDetailActivity
ADDED from src\main\AndroidManifest.xml:127:9-75
	android:name
		ADDED from src\main\AndroidManifest.xml:127:19-72
activity#com.joe.oil.activity.ExceptionHistoryDetailActivity
ADDED from src\main\AndroidManifest.xml:128:9-88
	android:name
		ADDED from src\main\AndroidManifest.xml:128:19-85
activity#com.joe.oil.activity.GisUploadHistoryDetailActivity
ADDED from src\main\AndroidManifest.xml:129:9-88
	android:name
		ADDED from src\main\AndroidManifest.xml:129:19-85
activity#com.joe.oil.activity.PersonalActivity
ADDED from src\main\AndroidManifest.xml:131:9-62
	android:name
		ADDED from src\main\AndroidManifest.xml:131:19-60
activity#com.joe.oil.activity.FootprintActivity
ADDED from src\main\AndroidManifest.xml:132:9-63
	android:name
		ADDED from src\main\AndroidManifest.xml:132:19-61
activity#com.joe.oil.activity.SignActivity
ADDED from src\main\AndroidManifest.xml:133:9-58
	android:name
		ADDED from src\main\AndroidManifest.xml:133:19-56
activity#com.joe.oil.activity.EvaluationActivity
ADDED from src\main\AndroidManifest.xml:134:9-64
	android:name
		ADDED from src\main\AndroidManifest.xml:134:19-62
activity#com.joe.oil.activity.DetailsTaskActivity
ADDED from src\main\AndroidManifest.xml:135:9-66
	android:name
		ADDED from src\main\AndroidManifest.xml:135:19-63
activity#com.joe.oil.activity.SingleActivity
ADDED from src\main\AndroidManifest.xml:136:9-61
	android:name
		ADDED from src\main\AndroidManifest.xml:136:19-58
activity#com.joe.oil.activity.SingleDetailsActivity
ADDED from src\main\AndroidManifest.xml:137:9-68
	android:name
		ADDED from src\main\AndroidManifest.xml:137:19-65
activity#com.joe.oil.activity.ScannerActivity
ADDED from src\main\AndroidManifest.xml:138:9-62
	android:name
		ADDED from src\main\AndroidManifest.xml:138:19-59
activity#com.joe.oil.activity.DeviceInfoActivity
ADDED from src\main\AndroidManifest.xml:139:9-65
	android:name
		ADDED from src\main\AndroidManifest.xml:139:19-62
activity#com.joe.oil.activity.TaskDeviceActivity
ADDED from src\main\AndroidManifest.xml:140:9-65
	android:name
		ADDED from src\main\AndroidManifest.xml:140:19-62
activity#com.joe.oil.parolmap.NavigationActivity
ADDED from src\main\AndroidManifest.xml:142:9-143:99
	android:screenOrientation
		ADDED from src\main\AndroidManifest.xml:143:61-97
	android:launchMode
		ADDED from src\main\AndroidManifest.xml:142:63-93
	android:theme
		ADDED from src\main\AndroidManifest.xml:143:13-60
	android:name
		ADDED from src\main\AndroidManifest.xml:142:19-62
activity#com.joe.oil.parolmap.MapTapActivity
ADDED from src\main\AndroidManifest.xml:144:9-145:99
	android:screenOrientation
		ADDED from src\main\AndroidManifest.xml:145:61-97
	android:launchMode
		ADDED from src\main\AndroidManifest.xml:144:70-100
	android:theme
		ADDED from src\main\AndroidManifest.xml:145:13-60
	android:name
		ADDED from src\main\AndroidManifest.xml:144:19-69
activity#com.joe.oil.parolmap.ItemSettingActivity
ADDED from src\main\AndroidManifest.xml:146:9-147:51
	android:screenOrientation
		ADDED from src\main\AndroidManifest.xml:147:13-49
	android:theme
		ADDED from src\main\AndroidManifest.xml:146:76-123
	android:name
		ADDED from src\main\AndroidManifest.xml:146:19-74
activity#com.joe.oil.parolmap.POISearchActivity
ADDED from src\main\AndroidManifest.xml:148:9-149:99
	android:screenOrientation
		ADDED from src\main\AndroidManifest.xml:149:61-97
	android:launchMode
		ADDED from src\main\AndroidManifest.xml:148:73-103
	android:theme
		ADDED from src\main\AndroidManifest.xml:149:13-60
	android:name
		ADDED from src\main\AndroidManifest.xml:148:19-72
activity#com.joe.oil.parolmap.RouteActivity
ADDED from src\main\AndroidManifest.xml:150:9-152:51
	android:screenOrientation
		ADDED from src\main\AndroidManifest.xml:152:13-49
	android:launchMode
		ADDED from src\main\AndroidManifest.xml:150:69-99
	android:theme
		ADDED from src\main\AndroidManifest.xml:151:13-60
	android:name
		ADDED from src\main\AndroidManifest.xml:150:19-68
activity#com.joe.oil.parolmap.SettingssActivity
ADDED from src\main\AndroidManifest.xml:153:9-154:51
	android:screenOrientation
		ADDED from src\main\AndroidManifest.xml:154:13-49
	android:theme
		ADDED from src\main\AndroidManifest.xml:153:74-121
	android:name
		ADDED from src\main\AndroidManifest.xml:153:19-72
activity#com.joe.oil.activity.DataAccessActivity
ADDED from src\main\AndroidManifest.xml:155:9-65
	android:name
		ADDED from src\main\AndroidManifest.xml:155:19-62
activity#com.joe.oil.activity.FiveStepsActivity
ADDED from src\main\AndroidManifest.xml:156:9-64
	android:name
		ADDED from src\main\AndroidManifest.xml:156:19-61
activity#com.joe.oil.activity.AutonomousActivity
ADDED from src\main\AndroidManifest.xml:157:9-158:16
	android:name
		ADDED from src\main\AndroidManifest.xml:157:19-62
activity#com.joe.oil.activity.ImageListActivity
ADDED from src\main\AndroidManifest.xml:159:9-63
	android:name
		ADDED from src\main\AndroidManifest.xml:159:19-61
activity#com.joe.oil.activity.ShowImageActivity
ADDED from src\main\AndroidManifest.xml:160:9-63
	android:name
		ADDED from src\main\AndroidManifest.xml:160:19-61
activity#com.joe.oil.activity.TaskFillDetailActivity
ADDED from src\main\AndroidManifest.xml:161:9-69
	android:name
		ADDED from src\main\AndroidManifest.xml:161:19-66
activity#com.joe.oil.activity.OperationDisplayActivity
ADDED from src\main\AndroidManifest.xml:162:9-71
	android:name
		ADDED from src\main\AndroidManifest.xml:162:19-68
activity#com.joe.oil.activity.PDFviewActivity
ADDED from src\main\AndroidManifest.xml:163:9-62
	android:name
		ADDED from src\main\AndroidManifest.xml:163:19-59
activity#com.joe.oil.activity.TxtReadActivity
ADDED from src\main\AndroidManifest.xml:164:9-61
	android:name
		ADDED from src\main\AndroidManifest.xml:164:19-59
activity#com.joe.oil.activity.FeedbackActivity
ADDED from src\main\AndroidManifest.xml:165:9-62
	android:name
		ADDED from src\main\AndroidManifest.xml:165:19-60
service#com.baidu.location.f
ADDED from src\main\AndroidManifest.xml:167:9-174:19
	android:enabled
		ADDED from src\main\AndroidManifest.xml:169:13-35
	android:process
		ADDED from src\main\AndroidManifest.xml:170:13-38
	android:name
		ADDED from src\main\AndroidManifest.xml:168:13-48
intent-filter#com.baidu.location.service_v2.2
ADDED from src\main\AndroidManifest.xml:171:13-173:29
action#com.baidu.location.service_v2.2
ADDED from src\main\AndroidManifest.xml:172:17-81
	android:name
		ADDED from src\main\AndroidManifest.xml:172:25-71
service#com.joe.oil.service.OilService
ADDED from src\main\AndroidManifest.xml:175:9-177:46
	android:enabled
		ADDED from src\main\AndroidManifest.xml:177:13-35
	android:name
		ADDED from src\main\AndroidManifest.xml:176:13-58
service#com.joe.oil.service.UpdateService
ADDED from src\main\AndroidManifest.xml:178:9-58
	android:name
		ADDED from src\main\AndroidManifest.xml:178:18-55
service#com.joe.oil.service.TaskFinishService
ADDED from src\main\AndroidManifest.xml:179:9-180:68
	android:name
		ADDED from src\main\AndroidManifest.xml:180:13-65
meta-data#com.baidu.lbsapi.API_KEY
ADDED from src\main\AndroidManifest.xml:182:9-184:56
	android:value
		ADDED from src\main\AndroidManifest.xml:184:13-53
	android:name
		ADDED from src\main\AndroidManifest.xml:183:13-52
meta-data#UMENG_APPKEY
ADDED from src\main\AndroidManifest.xml:185:9-187:66
	android:value
		ADDED from src\main\AndroidManifest.xml:187:13-53
	android:name
		ADDED from src\main\AndroidManifest.xml:186:13-40
meta-data#com.amap.api.v2.apikey
ADDED from src\main\AndroidManifest.xml:191:9-193:64
	android:value
		ADDED from src\main\AndroidManifest.xml:193:13-61
	android:name
		ADDED from src\main\AndroidManifest.xml:192:13-50
service#com.amap.api.location.APSService
ADDED from src\main\AndroidManifest.xml:194:9-77
	android:name
		ADDED from src\main\AndroidManifest.xml:194:18-65